Determining if the function sgemm_ exists failed with the following output:
Change Dir: /home/qcraft/test/LeetCode/demo/build/CMakeFiles/CMakeTmp

Run Build Command(s):/usr/bin/gmake -f Makefile cmTC_c201e/fast && /usr/bin/gmake  -f CMakeFiles/cmTC_c201e.dir/build.make CMakeFiles/cmTC_c201e.dir/build
gmake[1]: 进入目录“/home/qcraft/test/LeetCode/demo/build/CMakeFiles/CMakeTmp”
Building C object CMakeFiles/cmTC_c201e.dir/CheckFunctionExists.c.o
/usr/bin/cc   -DCHECK_FUNCTION_EXISTS=sgemm_ -o CMakeFiles/cmTC_c201e.dir/CheckFunctionExists.c.o -c /usr/share/cmake-3.22/Modules/CheckFunctionExists.c
Linking C executable cmTC_c201e
/usr/bin/cmake -E cmake_link_script CMakeFiles/cmTC_c201e.dir/link.txt --verbose=1
/usr/bin/cc  -DCHECK_FUNCTION_EXISTS=sgemm_ -rdynamic CMakeFiles/cmTC_c201e.dir/CheckFunctionExists.c.o -o cmTC_c201e 
/usr/bin/ld: CMakeFiles/cmTC_c201e.dir/CheckFunctionExists.c.o: in function `main':
CheckFunctionExists.c:(.text+0x14): undefined reference to `sgemm_'
collect2: error: ld returned 1 exit status
gmake[1]: *** [CMakeFiles/cmTC_c201e.dir/build.make:99：cmTC_c201e] 错误 1
gmake[1]: 离开目录“/home/qcraft/test/LeetCode/demo/build/CMakeFiles/CMakeTmp”
gmake: *** [Makefile:127：cmTC_c201e/fast] 错误 2



Determining if the function cheev_ exists failed with the following output:
Change Dir: /home/qcraft/test/LeetCode/demo/build/CMakeFiles/CMakeTmp

Run Build Command(s):/usr/bin/gmake -f Makefile cmTC_6b05a/fast && /usr/bin/gmake  -f CMakeFiles/cmTC_6b05a.dir/build.make CMakeFiles/cmTC_6b05a.dir/build
gmake[1]: 进入目录“/home/qcraft/test/LeetCode/demo/build/CMakeFiles/CMakeTmp”
Building C object CMakeFiles/cmTC_6b05a.dir/CheckFunctionExists.c.o
/usr/bin/cc   -DCHECK_FUNCTION_EXISTS=cheev_ -o CMakeFiles/cmTC_6b05a.dir/CheckFunctionExists.c.o -c /usr/share/cmake-3.22/Modules/CheckFunctionExists.c
Linking C executable cmTC_6b05a
/usr/bin/cmake -E cmake_link_script CMakeFiles/cmTC_6b05a.dir/link.txt --verbose=1
/usr/bin/cc  -DCHECK_FUNCTION_EXISTS=cheev_ -rdynamic CMakeFiles/cmTC_6b05a.dir/CheckFunctionExists.c.o -o cmTC_6b05a  /usr/lib/x86_64-linux-gnu/libblas.so /usr/lib/x86_64-linux-gnu/libf77blas.so /usr/lib/x86_64-linux-gnu/libatlas.so -lm -ldl 
/usr/bin/ld: CMakeFiles/cmTC_6b05a.dir/CheckFunctionExists.c.o: in function `main':
CheckFunctionExists.c:(.text+0x14): undefined reference to `cheev_'
collect2: error: ld returned 1 exit status
gmake[1]: *** [CMakeFiles/cmTC_6b05a.dir/build.make:102：cmTC_6b05a] 错误 1
gmake[1]: 离开目录“/home/qcraft/test/LeetCode/demo/build/CMakeFiles/CMakeTmp”
gmake: *** [Makefile:127：cmTC_6b05a/fast] 错误 2



Determining if the function cheev_ exists failed with the following output:
Change Dir: /home/qcraft/test/LeetCode/demo/build/CMakeFiles/CMakeTmp

Run Build Command(s):/usr/bin/gmake -f Makefile cmTC_7f184/fast && /usr/bin/gmake  -f CMakeFiles/cmTC_7f184.dir/build.make CMakeFiles/cmTC_7f184.dir/build
gmake[1]: 进入目录“/home/qcraft/test/LeetCode/demo/build/CMakeFiles/CMakeTmp”
Building C object CMakeFiles/cmTC_7f184.dir/CheckFunctionExists.c.o
/usr/bin/cc   -DCHECK_FUNCTION_EXISTS=cheev_ -o CMakeFiles/cmTC_7f184.dir/CheckFunctionExists.c.o -c /usr/share/cmake-3.22/Modules/CheckFunctionExists.c
Linking C executable cmTC_7f184
/usr/bin/cmake -E cmake_link_script CMakeFiles/cmTC_7f184.dir/link.txt --verbose=1
/usr/bin/cc  -DCHECK_FUNCTION_EXISTS=cheev_ -rdynamic CMakeFiles/cmTC_7f184.dir/CheckFunctionExists.c.o -o cmTC_7f184  /usr/lib/x86_64-linux-gnu/liblapack.so /usr/lib/x86_64-linux-gnu/libblas.so /usr/lib/x86_64-linux-gnu/libf77blas.so /usr/lib/x86_64-linux-gnu/libatlas.so -fortranlibs 
cc: error: unrecognized command-line option ‘-fortranlibs’
gmake[1]: *** [CMakeFiles/cmTC_7f184.dir/build.make:103：cmTC_7f184] 错误 1
gmake[1]: 离开目录“/home/qcraft/test/LeetCode/demo/build/CMakeFiles/CMakeTmp”
gmake: *** [Makefile:127：cmTC_7f184/fast] 错误 2



